#
# A fatal error has been detected by the Java Runtime Environment:
#
#  Internal Error (javaClasses.cpp:127), pid=7420, tid=4968
#  fatal error: Invalid layout of preloaded class
#
# JRE version:  (8.0_45-b15) (build )
# Java VM: Java HotSpot(TM) 64-Bit Server VM (25.45-b02 mixed mode windows-amd64 compressed oops)
# Failed to write core dump. Minidumps are not enabled by default on client versions of Windows
#
# If you would like to submit a bug report, please visit:
#   http://bugreport.java.com/bugreport/crash.jsp
#

---------------  T H R E A D  ---------------

Current thread (0x00000000028b0800):  JavaThread "Unknown thread" [_thread_in_vm, id=4968, stack(0x00000000027b0000,0x00000000028b0000)]

Stack: [0x00000000027b0000,0x00000000028b0000]
Native frames: (J=compiled Java code, j=interpreted, Vv=VM code, C=native code)
V  [jvm.dll+0x32b57a]
V  [jvm.dll+0x279873]
V  [jvm.dll+0x27a509]
V  [jvm.dll+0x2717a6]
V  [jvm.dll+0x68183]
V  [jvm.dll+0x68273]
V  [jvm.dll+0x7d74a]
V  [jvm.dll+0x7dab6]
V  [jvm.dll+0xf2157]
V  [jvm.dll+0xf24e6]
V  [jvm.dll+0x20f097]
V  [jvm.dll+0x240e0a]
V  [jvm.dll+0x15ba41]
C  [javaw.exe+0x217e]
C  [javaw.exe+0xcd17]
C  [javaw.exe+0xcdab]
C  [KERNEL32.DLL+0x12d92]
C  [ntdll.dll+0x9f64]


---------------  P R O C E S S  ---------------

Java Threads: ( => current thread )

Other Threads:

=>0x00000000028b0800 (exited) JavaThread "Unknown thread" [_thread_in_vm, id=4968, stack(0x00000000027b0000,0x00000000028b0000)]

VM state:not at safepoint (not fully initialized)

VM Mutex/Monitor currently owned by a thread: None

GC Heap History (0 events):
No events

Deoptimization events (0 events):
No events

Internal exceptions (0 events):
No events

Events (10 events):
Event: 0.059 loading class java/lang/CharSequence done
Event: 0.060 loading class java/lang/String done
Event: 0.060 loading class java/lang/Class
Event: 0.060 loading class java/lang/reflect/AnnotatedElement
Event: 0.060 loading class java/lang/reflect/AnnotatedElement done
Event: 0.060 loading class java/lang/reflect/GenericDeclaration
Event: 0.060 loading class java/lang/reflect/GenericDeclaration done
Event: 0.060 loading class java/lang/reflect/Type
Event: 0.060 loading class java/lang/reflect/Type done
Event: 0.060 loading class java/lang/Class done


Dynamic libraries:
0x00007ff644eb0000 - 0x00007ff644ee7000 	C:\Program Files\Java\jre1.8.0_45\bin\javaw.exe
0x00007ffae9f70000 - 0x00007ffaea131000 	C:\WINDOWS\SYSTEM32\ntdll.dll
0x00007ffae9600000 - 0x00007ffae96ad000 	C:\WINDOWS\system32\KERNEL32.DLL
0x00007ffae7410000 - 0x00007ffae75ed000 	C:\WINDOWS\system32\KERNELBASE.dll
0x00007ffae5090000 - 0x00007ffae5108000 	C:\WINDOWS\system32\apphelp.dll
0x00007ffae93f0000 - 0x00007ffae9496000 	C:\WINDOWS\system32\ADVAPI32.dll
0x00007ffae79f0000 - 0x00007ffae7a8d000 	C:\WINDOWS\system32\msvcrt.dll
0x00007ffae7680000 - 0x00007ffae76db000 	C:\WINDOWS\system32\sechost.dll
0x00007ffae9020000 - 0x00007ffae9146000 	C:\WINDOWS\system32\RPCRT4.dll
0x00007ffae9230000 - 0x00007ffae937e000 	C:\WINDOWS\system32\USER32.dll
0x00007ffae9ae0000 - 0x00007ffae9c66000 	C:\WINDOWS\system32\GDI32.dll
0x00007ffad94c0000 - 0x00007ffad9734000 	C:\WINDOWS\WinSxS\amd64_microsoft.windows.common-controls_6595b64144ccf1df_6.0.10240.16384_none_f41f7b285750ef43\COMCTL32.dll
0x00007ffae7640000 - 0x00007ffae7676000 	C:\WINDOWS\system32\IMM32.DLL
0x00007ffae94a0000 - 0x00007ffae95fc000 	C:\WINDOWS\system32\MSCTF.dll
0x0000000066380000 - 0x0000000066452000 	C:\Program Files\Java\jre1.8.0_45\bin\msvcr100.dll
0x0000000065af0000 - 0x0000000066373000 	C:\Program Files\Java\jre1.8.0_45\bin\server\jvm.dll
0x00007ffae96b0000 - 0x00007ffae96b8000 	C:\WINDOWS\system32\PSAPI.DLL
0x00007ffae4180000 - 0x00007ffae41a3000 	C:\WINDOWS\SYSTEM32\WINMM.dll
0x00007ffade160000 - 0x00007ffade169000 	C:\WINDOWS\SYSTEM32\WSOCK32.dll
0x00007ffae35b0000 - 0x00007ffae35ba000 	C:\WINDOWS\SYSTEM32\VERSION.dll
0x00007ffae9380000 - 0x00007ffae93e9000 	C:\WINDOWS\system32\WS2_32.dll
0x00007ffae76e0000 - 0x00007ffae76e8000 	C:\WINDOWS\system32\NSI.dll
0x00007ffae4030000 - 0x00007ffae405c000 	C:\WINDOWS\SYSTEM32\WINMMBASE.dll
0x00007ffae75f0000 - 0x00007ffae7634000 	C:\WINDOWS\system32\cfgmgr32.dll
0x00007ffae5310000 - 0x00007ffae5337000 	C:\WINDOWS\SYSTEM32\DEVOBJ.dll
0x0000000065ae0000 - 0x0000000065aef000 	C:\Program Files\Java\jre1.8.0_45\bin\verify.dll
0x0000000065ab0000 - 0x0000000065ad9000 	C:\Program Files\Java\jre1.8.0_45\bin\java.dll
0x0000000065a90000 - 0x0000000065aa6000 	C:\Program Files\Java\jre1.8.0_45\bin\zip.dll
0x00007fface2d0000 - 0x00007fface45a000 	C:\WINDOWS\SYSTEM32\dbghelp.dll

VM Arguments:
jvm_args: -Dfile.encoding=Cp1252 -Xbootclasspath:C:\Development\android-sdk-windows\platforms\android-23\android.jar 
java_command: com.example.bu111calculator.tsest
java_class_path (initial): C:\Development\workspace\BU111Calculator\bin\classes;C:\Development\workspace\appcompat_v7\libs\android-support-v4.jar;C:\Development\workspace\appcompat_v7\libs\android-support-v7-appcompat.jar;C:\Development\workspace\appcompat_v7\bin\appcompat_v7.jar;C:\Development\android-sdk-windows\extras\android\support\v7\appcompat\libs\android-support-v7-appcompat.jar
Launcher Type: SUN_STANDARD

Environment Variables:
JAVA_HOME=C:\Program Files\Java\jdk1.8.0_45
PATH=C:/Program Files/Java/jdk1.8.0_45/bin/../jre/bin/server;C:/Program Files/Java/jdk1.8.0_45/bin/../jre/bin;C:/Program Files/Java/jdk1.8.0_45/bin/../jre/lib/amd64;C:\Program Files\Java\jdk1.8.0_45\bin;C:\Program Files (x86)\AMD\ATI.ACE\Core-Static;C:\WINDOWS\system32;C:\WINDOWS;C:\WINDOWS\System32\Wbem;C:\WINDOWS\System32\WindowsPowerShell\v1.0\;C:\Program Files (x86)\ATI Technologies\ATI.ACE\Core-Static;C:\Development\Node\;C:\Users\Ankai\AppData\Roaming\npm;C:\Development\eclipse;
USERNAME=Ankai
OS=Windows_NT
PROCESSOR_IDENTIFIER=Intel64 Family 6 Model 60 Stepping 3, GenuineIntel



---------------  S Y S T E M  ---------------

OS: Windows 10.0 , 64 bit Build 10240 (10.0.10240.16384)

CPU:total 8 (4 cores per cpu, 2 threads per core) family 6 model 60 stepping 3, cmov, cx8, fxsr, mmx, sse, sse2, sse3, ssse3, sse4.1, sse4.2, popcnt, avx, avx2, aes, clmul, erms, lzcnt, ht, tsc, tscinvbit, bmi1, bmi2

Memory: 4k page, physical 16718664k(10773916k free), swap 19209032k(9532576k free)

vm_info: Java HotSpot(TM) 64-Bit Server VM (25.45-b02) for windows-amd64 JRE (1.8.0_45-b15), built on Apr 30 2015 12:40:44 by "java_re" with MS VC++ 10.0 (VS2010)

time: Wed Dec 30 01:59:03 2015
elapsed time: 0 seconds (0d 0h 0m 0s)

